2025-06-23 08:00:14,734 - scheduler.genetic_optimizer - INFO - Initialized FitnessEvaluator with weights: {'margin': 0.5, 'throughput': 0.3, 'operational': 0.2}
2025-06-23 08:00:14,735 - scheduler.genetic_optimizer - INFO - Initialized GA Population: size=20, elite=4, mutation_rate=0.2, crossover_rate=0.8
2025-06-23 08:00:14,739 - scheduler.genetic_optimizer - INFO - Initialized population with 20 chromosomes
2025-06-23 08:00:14,739 - scheduler.genetic_optimizer - INFO - Initialized FitnessEvaluator with weights: {'margin': 0.5, 'throughput': 0.3, 'operational': 0.2}
2025-06-23 08:00:14,739 - scheduler.genetic_optimizer - INFO - Evaluating generation 0 population fitness...
2025-06-23 08:00:14,742 - scheduler.genetic_optimizer - INFO - Generation 0: Best fitness = 45.39
2025-06-23 08:00:14,800 - scheduler.genetic_optimizer - INFO - Evaluating generation 1 population fitness...
2025-06-23 08:00:14,806 - scheduler.genetic_optimizer - INFO - Generation 1: Best fitness = 47.66
2025-06-23 08:00:14,870 - scheduler.genetic_optimizer - INFO - Evaluating generation 2 population fitness...
2025-06-23 08:00:14,879 - scheduler.genetic_optimizer - INFO - Generation 2: Best fitness = 48.89
2025-06-23 08:00:14,934 - scheduler.genetic_optimizer - INFO - Evaluating generation 3 population fitness...
2025-06-23 08:00:14,941 - scheduler.genetic_optimizer - INFO - Generation 3: Best fitness = 49.36
2025-06-23 08:00:14,944 - scheduler.genetic_optimizer - INFO - Initialized FitnessEvaluator with weights: {'margin': 0.5, 'throughput': 0.3, 'operational': 0.2}
2025-06-23 08:00:14,944 - scheduler.genetic_optimizer - INFO - Initialized GA Population: size=30, elite=5, mutation_rate=0.15, crossover_rate=0.8
2025-06-23 08:00:14,944 - scheduler.genetic_optimizer - INFO - Initialized GeneticSchedulerOptimizer with 4 recipes, population_size=30, generations=25
2025-06-23 08:00:14,944 - scheduler.genetic_optimizer - INFO - Starting GA optimization for 7 days, 25 generations
2025-06-23 08:00:14,944 - scheduler.genetic_optimizer - INFO - Initial inventory: {'Base': 200.0, 'Heavy': 150.0, 'Light': 100.0}
2025-06-23 08:00:14,944 - scheduler.genetic_optimizer - INFO - Vessel arrivals scheduled for 3 days
2025-06-23 08:00:14,953 - scheduler.genetic_optimizer - INFO - Initialized population with 30 chromosomes
2025-06-23 08:00:14,953 - scheduler.genetic_optimizer - INFO - Evaluating generation 0 population fitness...
2025-06-23 08:00:14,960 - scheduler.genetic_optimizer - INFO - Generation 0: Best fitness = 45.55
2025-06-23 08:00:14,961 - scheduler.genetic_optimizer - INFO - Generation 0: Best=45.55, Avg=-618.15, Feasible=36.7%
2025-06-23 08:00:15,091 - scheduler.genetic_optimizer - INFO - Evaluating generation 1 population fitness...
2025-06-23 08:00:15,099 - scheduler.genetic_optimizer - INFO - Generation 1: Best fitness = 47.19
2025-06-23 08:00:15,212 - scheduler.genetic_optimizer - INFO - Evaluating generation 2 population fitness...
2025-06-23 08:00:15,225 - scheduler.genetic_optimizer - INFO - Generation 2: Best fitness = 47.77
2025-06-23 08:00:15,332 - scheduler.genetic_optimizer - INFO - Evaluating generation 3 population fitness...
2025-06-23 08:00:15,344 - scheduler.genetic_optimizer - INFO - Generation 3: Best fitness = 50.05
2025-06-23 08:00:15,468 - scheduler.genetic_optimizer - INFO - Evaluating generation 4 population fitness...
2025-06-23 08:00:15,480 - scheduler.genetic_optimizer - INFO - Generation 4: Best fitness = 50.54
2025-06-23 08:00:15,582 - scheduler.genetic_optimizer - INFO - Evaluating generation 5 population fitness...
2025-06-23 08:00:15,593 - scheduler.genetic_optimizer - INFO - Generation 5: Best fitness = 50.54
2025-06-23 08:00:15,694 - scheduler.genetic_optimizer - INFO - Evaluating generation 6 population fitness...
2025-06-23 08:00:15,706 - scheduler.genetic_optimizer - INFO - Generation 6: Best fitness = 50.92
2025-06-23 08:00:15,808 - scheduler.genetic_optimizer - INFO - Evaluating generation 7 population fitness...
2025-06-23 08:00:15,822 - scheduler.genetic_optimizer - INFO - Generation 7: Best fitness = 50.92
2025-06-23 08:00:15,921 - scheduler.genetic_optimizer - INFO - Evaluating generation 8 population fitness...
2025-06-23 08:00:15,935 - scheduler.genetic_optimizer - INFO - Generation 8: Best fitness = 51.42
2025-06-23 08:00:16,040 - scheduler.genetic_optimizer - INFO - Evaluating generation 9 population fitness...
2025-06-23 08:00:16,053 - scheduler.genetic_optimizer - INFO - Generation 9: Best fitness = 51.42
2025-06-23 08:00:16,153 - scheduler.genetic_optimizer - INFO - Evaluating generation 10 population fitness...
2025-06-23 08:00:16,167 - scheduler.genetic_optimizer - INFO - Generation 10: Best fitness = 51.42
2025-06-23 08:00:16,167 - scheduler.genetic_optimizer - INFO - Generation 10: Best=51.42, Avg=50.77, Feasible=100.0%
2025-06-23 08:00:16,289 - scheduler.genetic_optimizer - INFO - Evaluating generation 11 population fitness...
2025-06-23 08:00:16,303 - scheduler.genetic_optimizer - INFO - Generation 11: Best fitness = 51.42
2025-06-23 08:00:16,404 - scheduler.genetic_optimizer - INFO - Evaluating generation 12 population fitness...
2025-06-23 08:00:16,417 - scheduler.genetic_optimizer - INFO - Generation 12: Best fitness = 51.42
2025-06-23 08:00:16,521 - scheduler.genetic_optimizer - INFO - Evaluating generation 13 population fitness...
2025-06-23 08:00:16,536 - scheduler.genetic_optimizer - INFO - Generation 13: Best fitness = 51.42
2025-06-23 08:00:16,651 - scheduler.genetic_optimizer - INFO - Evaluating generation 14 population fitness...
2025-06-23 08:00:16,669 - scheduler.genetic_optimizer - INFO - Generation 14: Best fitness = 51.42
2025-06-23 08:00:16,774 - scheduler.genetic_optimizer - INFO - Evaluating generation 15 population fitness...
2025-06-23 08:00:16,789 - scheduler.genetic_optimizer - INFO - Generation 15: Best fitness = 51.42
2025-06-23 08:00:16,911 - scheduler.genetic_optimizer - INFO - Evaluating generation 16 population fitness...
2025-06-23 08:00:16,931 - scheduler.genetic_optimizer - INFO - Generation 16: Best fitness = 51.42
2025-06-23 08:00:17,116 - scheduler.genetic_optimizer - INFO - Evaluating generation 17 population fitness...
2025-06-23 08:00:17,142 - scheduler.genetic_optimizer - INFO - Generation 17: Best fitness = 51.42
2025-06-23 08:00:17,299 - scheduler.genetic_optimizer - INFO - Evaluating generation 18 population fitness...
2025-06-23 08:00:17,314 - scheduler.genetic_optimizer - INFO - Generation 18: Best fitness = 51.42
2025-06-23 08:00:17,424 - scheduler.genetic_optimizer - INFO - Evaluating generation 19 population fitness...
2025-06-23 08:00:17,438 - scheduler.genetic_optimizer - INFO - Generation 19: Best fitness = 51.42
2025-06-23 08:00:17,538 - scheduler.genetic_optimizer - INFO - Evaluating generation 20 population fitness...
2025-06-23 08:00:17,552 - scheduler.genetic_optimizer - INFO - Generation 20: Best fitness = 51.42
2025-06-23 08:00:17,552 - scheduler.genetic_optimizer - INFO - Generation 20: Best=51.42, Avg=51.41, Feasible=100.0%
2025-06-23 08:00:17,652 - scheduler.genetic_optimizer - INFO - Evaluating generation 21 population fitness...
2025-06-23 08:00:17,666 - scheduler.genetic_optimizer - INFO - Generation 21: Best fitness = 51.42
2025-06-23 08:00:17,666 - scheduler.genetic_optimizer - INFO - Early convergence detected at generation 21
2025-06-23 08:00:17,668 - scheduler.genetic_optimizer - INFO - GA optimization complete: Best fitness=51.42, Feasible=True
2025-06-23 08:00:17,669 - scheduler.genetic_optimizer - INFO - Initialized FitnessEvaluator with weights: {'margin': 0.5, 'throughput': 0.3, 'operational': 0.2}
2025-06-23 08:00:17,669 - scheduler.genetic_optimizer - INFO - Initialized GA Population: size=20, elite=5, mutation_rate=0.1, crossover_rate=0.8
2025-06-23 08:00:17,669 - scheduler.genetic_optimizer - INFO - Initialized GeneticSchedulerOptimizer with 4 recipes, population_size=20, generations=15
2025-06-23 08:00:17,669 - scheduler.genetic_optimizer - INFO - Quick GA optimization for scheduler: 7 days, 15 generations
2025-06-23 08:00:17,669 - scheduler.genetic_optimizer - INFO - Starting GA optimization for 7 days, 15 generations
2025-06-23 08:00:17,669 - scheduler.genetic_optimizer - INFO - Initial inventory: {'Base': 200.0, 'Heavy': 150.0, 'Light': 100.0}
2025-06-23 08:00:17,669 - scheduler.genetic_optimizer - INFO - Vessel arrivals scheduled for 3 days
2025-06-23 08:00:17,674 - scheduler.genetic_optimizer - INFO - Initialized population with 20 chromosomes
2025-06-23 08:00:17,674 - scheduler.genetic_optimizer - INFO - Evaluating generation 0 population fitness...
2025-06-23 08:00:17,678 - scheduler.genetic_optimizer - INFO - Generation 0: Best fitness = 45.36
2025-06-23 08:00:17,678 - scheduler.genetic_optimizer - INFO - Generation 0: Best=45.36, Avg=-531.10, Feasible=45.0%
2025-06-23 08:00:17,743 - scheduler.genetic_optimizer - INFO - Evaluating generation 1 population fitness...
2025-06-23 08:00:17,749 - scheduler.genetic_optimizer - INFO - Generation 1: Best fitness = 45.36
2025-06-23 08:00:17,813 - scheduler.genetic_optimizer - INFO - Evaluating generation 2 population fitness...
2025-06-23 08:00:17,819 - scheduler.genetic_optimizer - INFO - Generation 2: Best fitness = 45.54
2025-06-23 08:00:17,884 - scheduler.genetic_optimizer - INFO - Evaluating generation 3 population fitness...
2025-06-23 08:00:17,891 - scheduler.genetic_optimizer - INFO - Generation 3: Best fitness = 45.54
2025-06-23 08:00:18,022 - scheduler.genetic_optimizer - INFO - Evaluating generation 4 population fitness...
2025-06-23 08:00:18,030 - scheduler.genetic_optimizer - INFO - Generation 4: Best fitness = 45.54
2025-06-23 08:00:18,128 - scheduler.genetic_optimizer - INFO - Evaluating generation 5 population fitness...
2025-06-23 08:00:18,137 - scheduler.genetic_optimizer - INFO - Generation 5: Best fitness = 46.23
2025-06-23 08:00:18,214 - scheduler.genetic_optimizer - INFO - Evaluating generation 6 population fitness...
2025-06-23 08:00:18,223 - scheduler.genetic_optimizer - INFO - Generation 6: Best fitness = 46.23
2025-06-23 08:00:18,300 - scheduler.genetic_optimizer - INFO - Evaluating generation 7 population fitness...
2025-06-23 08:00:18,309 - scheduler.genetic_optimizer - INFO - Generation 7: Best fitness = 46.23
2025-06-23 08:00:18,386 - scheduler.genetic_optimizer - INFO - Evaluating generation 8 population fitness...
2025-06-23 08:00:18,394 - scheduler.genetic_optimizer - INFO - Generation 8: Best fitness = 46.23
2025-06-23 08:00:18,462 - scheduler.genetic_optimizer - INFO - Evaluating generation 9 population fitness...
2025-06-23 08:00:18,471 - scheduler.genetic_optimizer - INFO - Generation 9: Best fitness = 46.23
2025-06-23 08:00:18,538 - scheduler.genetic_optimizer - INFO - Evaluating generation 10 population fitness...
2025-06-23 08:00:18,547 - scheduler.genetic_optimizer - INFO - Generation 10: Best fitness = 46.23
2025-06-23 08:00:18,548 - scheduler.genetic_optimizer - INFO - Generation 10: Best=46.23, Avg=46.18, Feasible=100.0%
2025-06-23 08:00:18,614 - scheduler.genetic_optimizer - INFO - Evaluating generation 11 population fitness...
2025-06-23 08:00:18,623 - scheduler.genetic_optimizer - INFO - Generation 11: Best fitness = 46.23
2025-06-23 08:00:18,690 - scheduler.genetic_optimizer - INFO - Evaluating generation 12 population fitness...
2025-06-23 08:00:18,699 - scheduler.genetic_optimizer - INFO - Generation 12: Best fitness = 46.23
2025-06-23 08:00:18,764 - scheduler.genetic_optimizer - INFO - Evaluating generation 13 population fitness...
2025-06-23 08:00:18,773 - scheduler.genetic_optimizer - INFO - Generation 13: Best fitness = 46.23
2025-06-23 08:00:18,839 - scheduler.genetic_optimizer - INFO - Evaluating generation 14 population fitness...
2025-06-23 08:00:18,848 - scheduler.genetic_optimizer - INFO - Generation 14: Best fitness = 46.23
2025-06-23 08:00:18,848 - scheduler.genetic_optimizer - INFO - Generation 14: Best=46.23, Avg=46.23, Feasible=100.0%
2025-06-23 08:00:18,850 - scheduler.genetic_optimizer - INFO - GA optimization complete: Best fitness=46.23, Feasible=True
2025-06-23 08:00:18,850 - scheduler.genetic_optimizer - INFO - Scheduler optimization successful: fitness=46.23
2025-06-23 08:00:18,851 - scheduler.genetic_optimizer - INFO - Initialized FitnessEvaluator with weights: {'margin': 0.5, 'throughput': 0.3, 'operational': 0.2}
2025-06-23 08:00:18,851 - scheduler.genetic_optimizer - INFO - Initialized GA Population: size=20, elite=5, mutation_rate=0.1, crossover_rate=0.8
2025-06-23 08:00:18,851 - scheduler.genetic_optimizer - INFO - Initialized GeneticSchedulerOptimizer with 4 recipes, population_size=20, generations=20
2025-06-23 08:00:18,851 - scheduler.genetic_optimizer - INFO - Starting GA optimization for 5 days, 20 generations
2025-06-23 08:00:18,851 - scheduler.genetic_optimizer - INFO - Initial inventory: {'Base': 200.0, 'Heavy': 150.0, 'Light': 100.0}
2025-06-23 08:00:18,851 - scheduler.genetic_optimizer - INFO - Vessel arrivals scheduled for 3 days
2025-06-23 08:00:18,854 - scheduler.genetic_optimizer - INFO - Initialized population with 20 chromosomes
2025-06-23 08:00:18,854 - scheduler.genetic_optimizer - INFO - Evaluating generation 0 population fitness...
2025-06-23 08:00:18,858 - scheduler.genetic_optimizer - INFO - Generation 0: Best fitness = 44.49
2025-06-23 08:00:18,858 - scheduler.genetic_optimizer - INFO - Generation 0: Best=44.49, Avg=-323.56, Feasible=65.0%
2025-06-23 08:00:18,925 - scheduler.genetic_optimizer - INFO - Evaluating generation 1 population fitness...
2025-06-23 08:00:18,930 - scheduler.genetic_optimizer - INFO - Generation 1: Best fitness = 44.49
2025-06-23 08:00:18,977 - scheduler.genetic_optimizer - INFO - Evaluating generation 2 population fitness...
2025-06-23 08:00:18,984 - scheduler.genetic_optimizer - INFO - Generation 2: Best fitness = 45.73
2025-06-23 08:00:19,034 - scheduler.genetic_optimizer - INFO - Evaluating generation 3 population fitness...
2025-06-23 08:00:19,040 - scheduler.genetic_optimizer - INFO - Generation 3: Best fitness = 46.40
2025-06-23 08:00:19,087 - scheduler.genetic_optimizer - INFO - Evaluating generation 4 population fitness...
2025-06-23 08:00:19,094 - scheduler.genetic_optimizer - INFO - Generation 4: Best fitness = 46.87
2025-06-23 08:00:19,141 - scheduler.genetic_optimizer - INFO - Evaluating generation 5 population fitness...
2025-06-23 08:00:19,147 - scheduler.genetic_optimizer - INFO - Generation 5: Best fitness = 48.98
2025-06-23 08:00:19,195 - scheduler.genetic_optimizer - INFO - Evaluating generation 6 population fitness...
2025-06-23 08:00:19,202 - scheduler.genetic_optimizer - INFO - Generation 6: Best fitness = 50.89
2025-06-23 08:00:19,250 - scheduler.genetic_optimizer - INFO - Evaluating generation 7 population fitness...
2025-06-23 08:00:19,256 - scheduler.genetic_optimizer - INFO - Generation 7: Best fitness = 50.89
2025-06-23 08:00:19,304 - scheduler.genetic_optimizer - INFO - Evaluating generation 8 population fitness...
2025-06-23 08:00:19,310 - scheduler.genetic_optimizer - INFO - Generation 8: Best fitness = 50.89
2025-06-23 08:00:19,357 - scheduler.genetic_optimizer - INFO - Evaluating generation 9 population fitness...
2025-06-23 08:00:19,364 - scheduler.genetic_optimizer - INFO - Generation 9: Best fitness = 50.89
2025-06-23 08:00:19,411 - scheduler.genetic_optimizer - INFO - Evaluating generation 10 population fitness...
2025-06-23 08:00:19,418 - scheduler.genetic_optimizer - INFO - Generation 10: Best fitness = 50.89
2025-06-23 08:00:19,418 - scheduler.genetic_optimizer - INFO - Generation 10: Best=50.89, Avg=50.89, Feasible=100.0%
2025-06-23 08:00:19,465 - scheduler.genetic_optimizer - INFO - Evaluating generation 11 population fitness...
2025-06-23 08:00:19,472 - scheduler.genetic_optimizer - INFO - Generation 11: Best fitness = 50.89
2025-06-23 08:00:19,518 - scheduler.genetic_optimizer - INFO - Evaluating generation 12 population fitness...
2025-06-23 08:00:19,524 - scheduler.genetic_optimizer - INFO - Generation 12: Best fitness = 50.89
2025-06-23 08:00:19,572 - scheduler.genetic_optimizer - INFO - Evaluating generation 13 population fitness...
2025-06-23 08:00:19,578 - scheduler.genetic_optimizer - INFO - Generation 13: Best fitness = 50.89
2025-06-23 08:00:19,626 - scheduler.genetic_optimizer - INFO - Evaluating generation 14 population fitness...
2025-06-23 08:00:19,632 - scheduler.genetic_optimizer - INFO - Generation 14: Best fitness = 50.89
2025-06-23 08:00:19,699 - scheduler.genetic_optimizer - INFO - Evaluating generation 15 population fitness...
2025-06-23 08:00:19,705 - scheduler.genetic_optimizer - INFO - Generation 15: Best fitness = 50.89
2025-06-23 08:00:19,752 - scheduler.genetic_optimizer - INFO - Evaluating generation 16 population fitness...
2025-06-23 08:00:19,759 - scheduler.genetic_optimizer - INFO - Generation 16: Best fitness = 50.89
2025-06-23 08:00:19,805 - scheduler.genetic_optimizer - INFO - Evaluating generation 17 population fitness...
2025-06-23 08:00:19,812 - scheduler.genetic_optimizer - INFO - Generation 17: Best fitness = 50.89
2025-06-23 08:00:19,859 - scheduler.genetic_optimizer - INFO - Evaluating generation 18 population fitness...
2025-06-23 08:00:19,865 - scheduler.genetic_optimizer - INFO - Generation 18: Best fitness = 50.89
2025-06-23 08:00:19,913 - scheduler.genetic_optimizer - INFO - Evaluating generation 19 population fitness...
2025-06-23 08:00:19,920 - scheduler.genetic_optimizer - INFO - Generation 19: Best fitness = 50.89
2025-06-23 08:00:19,920 - scheduler.genetic_optimizer - INFO - Generation 19: Best=50.89, Avg=-1.65, Feasible=95.0%
2025-06-23 08:00:19,921 - scheduler.genetic_optimizer - INFO - GA optimization complete: Best fitness=50.89, Feasible=True
2025-06-23 08:00:19,921 - scheduler.genetic_optimizer - INFO - Initialized FitnessEvaluator with weights: {'margin': 0.5, 'throughput': 0.3, 'operational': 0.2}
2025-06-23 08:00:19,921 - scheduler.genetic_optimizer - INFO - Initialized GA Population: size=50, elite=5, mutation_rate=0.1, crossover_rate=0.8
2025-06-23 08:00:19,921 - scheduler.genetic_optimizer - INFO - Initialized GeneticSchedulerOptimizer with 4 recipes, population_size=50, generations=30
2025-06-23 08:00:19,921 - scheduler.genetic_optimizer - INFO - Starting GA optimization for 5 days, 30 generations
2025-06-23 08:00:19,921 - scheduler.genetic_optimizer - INFO - Initial inventory: {'Base': 200.0, 'Heavy': 150.0, 'Light': 100.0}
2025-06-23 08:00:19,921 - scheduler.genetic_optimizer - INFO - Vessel arrivals scheduled for 3 days
2025-06-23 08:00:19,930 - scheduler.genetic_optimizer - INFO - Initialized population with 50 chromosomes
2025-06-23 08:00:19,931 - scheduler.genetic_optimizer - INFO - Evaluating generation 0 population fitness...
2025-06-23 08:00:19,940 - scheduler.genetic_optimizer - INFO - Generation 0: Best fitness = 46.93
2025-06-23 08:00:19,940 - scheduler.genetic_optimizer - INFO - Generation 0: Best=46.93, Avg=-416.63, Feasible=56.0%
2025-06-23 08:00:20,061 - scheduler.genetic_optimizer - INFO - Evaluating generation 1 population fitness...
2025-06-23 08:00:20,074 - scheduler.genetic_optimizer - INFO - Generation 1: Best fitness = 47.07
2025-06-23 08:00:20,197 - scheduler.genetic_optimizer - INFO - Evaluating generation 2 population fitness...
2025-06-23 08:00:20,212 - scheduler.genetic_optimizer - INFO - Generation 2: Best fitness = 48.31
2025-06-23 08:00:20,333 - scheduler.genetic_optimizer - INFO - Evaluating generation 3 population fitness...
2025-06-23 08:00:20,349 - scheduler.genetic_optimizer - INFO - Generation 3: Best fitness = 49.66
2025-06-23 08:00:20,493 - scheduler.genetic_optimizer - INFO - Evaluating generation 4 population fitness...
2025-06-23 08:00:20,508 - scheduler.genetic_optimizer - INFO - Generation 4: Best fitness = 49.66
2025-06-23 08:00:20,630 - scheduler.genetic_optimizer - INFO - Evaluating generation 5 population fitness...
2025-06-23 08:00:20,646 - scheduler.genetic_optimizer - INFO - Generation 5: Best fitness = 49.66
2025-06-23 08:00:20,768 - scheduler.genetic_optimizer - INFO - Evaluating generation 6 population fitness...
2025-06-23 08:00:20,784 - scheduler.genetic_optimizer - INFO - Generation 6: Best fitness = 49.85
2025-06-23 08:00:20,906 - scheduler.genetic_optimizer - INFO - Evaluating generation 7 population fitness...
2025-06-23 08:00:20,922 - scheduler.genetic_optimizer - INFO - Generation 7: Best fitness = 49.85
2025-06-23 08:00:21,044 - scheduler.genetic_optimizer - INFO - Evaluating generation 8 population fitness...
2025-06-23 08:00:21,059 - scheduler.genetic_optimizer - INFO - Generation 8: Best fitness = 49.85
2025-06-23 08:00:21,202 - scheduler.genetic_optimizer - INFO - Evaluating generation 9 population fitness...
2025-06-23 08:00:21,218 - scheduler.genetic_optimizer - INFO - Generation 9: Best fitness = 49.85
2025-06-23 08:00:21,340 - scheduler.genetic_optimizer - INFO - Evaluating generation 10 population fitness...
2025-06-23 08:00:21,356 - scheduler.genetic_optimizer - INFO - Generation 10: Best fitness = 49.85
2025-06-23 08:00:21,357 - scheduler.genetic_optimizer - INFO - Generation 10: Best=49.85, Avg=49.83, Feasible=100.0%
2025-06-23 08:00:21,479 - scheduler.genetic_optimizer - INFO - Evaluating generation 11 population fitness...
2025-06-23 08:00:21,495 - scheduler.genetic_optimizer - INFO - Generation 11: Best fitness = 49.85
2025-06-23 08:00:21,618 - scheduler.genetic_optimizer - INFO - Evaluating generation 12 population fitness...
2025-06-23 08:00:21,634 - scheduler.genetic_optimizer - INFO - Generation 12: Best fitness = 49.85
2025-06-23 08:00:21,756 - scheduler.genetic_optimizer - INFO - Evaluating generation 13 population fitness...
2025-06-23 08:00:21,773 - scheduler.genetic_optimizer - INFO - Generation 13: Best fitness = 50.01
2025-06-23 08:00:21,918 - scheduler.genetic_optimizer - INFO - Evaluating generation 14 population fitness...
2025-06-23 08:00:21,935 - scheduler.genetic_optimizer - INFO - Generation 14: Best fitness = 50.01
2025-06-23 08:00:22,057 - scheduler.genetic_optimizer - INFO - Evaluating generation 15 population fitness...
2025-06-23 08:00:22,073 - scheduler.genetic_optimizer - INFO - Generation 15: Best fitness = 50.01
2025-06-23 08:00:22,197 - scheduler.genetic_optimizer - INFO - Evaluating generation 16 population fitness...
2025-06-23 08:00:22,213 - scheduler.genetic_optimizer - INFO - Generation 16: Best fitness = 50.01
2025-06-23 08:00:22,336 - scheduler.genetic_optimizer - INFO - Evaluating generation 17 population fitness...
2025-06-23 08:00:22,352 - scheduler.genetic_optimizer - INFO - Generation 17: Best fitness = 50.01
2025-06-23 08:00:22,476 - scheduler.genetic_optimizer - INFO - Evaluating generation 18 population fitness...
2025-06-23 08:00:22,492 - scheduler.genetic_optimizer - INFO - Generation 18: Best fitness = 50.01
2025-06-23 08:00:22,618 - scheduler.genetic_optimizer - INFO - Evaluating generation 19 population fitness...
2025-06-23 08:00:22,634 - scheduler.genetic_optimizer - INFO - Generation 19: Best fitness = 50.09
2025-06-23 08:00:22,778 - scheduler.genetic_optimizer - INFO - Evaluating generation 20 population fitness...
2025-06-23 08:00:22,794 - scheduler.genetic_optimizer - INFO - Generation 20: Best fitness = 50.09
2025-06-23 08:00:22,794 - scheduler.genetic_optimizer - INFO - Generation 20: Best=50.09, Avg=29.02, Feasible=98.0%
2025-06-23 08:00:22,920 - scheduler.genetic_optimizer - INFO - Evaluating generation 21 population fitness...
2025-06-23 08:00:22,937 - scheduler.genetic_optimizer - INFO - Generation 21: Best fitness = 50.09
2025-06-23 08:00:23,061 - scheduler.genetic_optimizer - INFO - Evaluating generation 22 population fitness...
2025-06-23 08:00:23,077 - scheduler.genetic_optimizer - INFO - Generation 22: Best fitness = 50.09
2025-06-23 08:00:23,077 - scheduler.genetic_optimizer - INFO - Early convergence detected at generation 22
2025-06-23 08:00:23,079 - scheduler.genetic_optimizer - INFO - GA optimization complete: Best fitness=50.09, Feasible=True
2025-06-23 08:00:23,079 - scheduler.genetic_optimizer - INFO - Initialized FitnessEvaluator with weights: {'margin': 0.5, 'throughput': 0.3, 'operational': 0.2}
2025-06-23 08:00:23,079 - scheduler.genetic_optimizer - INFO - Initialized GA Population: size=100, elite=10, mutation_rate=0.1, crossover_rate=0.8
2025-06-23 08:00:23,079 - scheduler.genetic_optimizer - INFO - Initialized GeneticSchedulerOptimizer with 4 recipes, population_size=100, generations=50
2025-06-23 08:00:23,080 - scheduler.genetic_optimizer - INFO - Starting GA optimization for 5 days, 50 generations
2025-06-23 08:00:23,080 - scheduler.genetic_optimizer - INFO - Initial inventory: {'Base': 200.0, 'Heavy': 150.0, 'Light': 100.0}
2025-06-23 08:00:23,080 - scheduler.genetic_optimizer - INFO - Vessel arrivals scheduled for 3 days
2025-06-23 08:00:23,098 - scheduler.genetic_optimizer - INFO - Initialized population with 100 chromosomes
2025-06-23 08:00:23,099 - scheduler.genetic_optimizer - INFO - Evaluating generation 0 population fitness...
2025-06-23 08:00:23,115 - scheduler.genetic_optimizer - INFO - Generation 0: Best fitness = 46.40
2025-06-23 08:00:23,116 - scheduler.genetic_optimizer - INFO - Generation 0: Best=46.40, Avg=-478.97, Feasible=50.0%
2025-06-23 08:00:23,378 - scheduler.genetic_optimizer - INFO - Evaluating generation 1 population fitness...
2025-06-23 08:00:23,403 - scheduler.genetic_optimizer - INFO - Generation 1: Best fitness = 48.43
2025-06-23 08:00:23,646 - scheduler.genetic_optimizer - INFO - Evaluating generation 2 population fitness...
2025-06-23 08:00:23,674 - scheduler.genetic_optimizer - INFO - Generation 2: Best fitness = 50.22
2025-06-23 08:00:23,913 - scheduler.genetic_optimizer - INFO - Evaluating generation 3 population fitness...
2025-06-23 08:00:23,941 - scheduler.genetic_optimizer - INFO - Generation 3: Best fitness = 50.22
2025-06-23 08:00:24,203 - scheduler.genetic_optimizer - INFO - Evaluating generation 4 population fitness...
2025-06-23 08:00:24,233 - scheduler.genetic_optimizer - INFO - Generation 4: Best fitness = 50.89
2025-06-23 08:00:24,525 - scheduler.genetic_optimizer - INFO - Evaluating generation 5 population fitness...
2025-06-23 08:00:24,558 - scheduler.genetic_optimizer - INFO - Generation 5: Best fitness = 50.89
2025-06-23 08:00:24,827 - scheduler.genetic_optimizer - INFO - Evaluating generation 6 population fitness...
2025-06-23 08:00:24,857 - scheduler.genetic_optimizer - INFO - Generation 6: Best fitness = 50.89
2025-06-23 08:00:25,142 - scheduler.genetic_optimizer - INFO - Evaluating generation 7 population fitness...
2025-06-23 08:00:25,174 - scheduler.genetic_optimizer - INFO - Generation 7: Best fitness = 50.89
2025-06-23 08:00:25,444 - scheduler.genetic_optimizer - INFO - Evaluating generation 8 population fitness...
2025-06-23 08:00:25,486 - scheduler.genetic_optimizer - INFO - Generation 8: Best fitness = 50.89
2025-06-23 08:00:25,790 - scheduler.genetic_optimizer - INFO - Evaluating generation 9 population fitness...
2025-06-23 08:00:25,828 - scheduler.genetic_optimizer - INFO - Generation 9: Best fitness = 50.89
2025-06-23 08:00:26,198 - scheduler.genetic_optimizer - INFO - Evaluating generation 10 population fitness...
2025-06-23 08:00:26,240 - scheduler.genetic_optimizer - INFO - Generation 10: Best fitness = 50.89
2025-06-23 08:00:26,241 - scheduler.genetic_optimizer - INFO - Generation 10: Best=50.89, Avg=8.81, Feasible=96.0%
2025-06-23 08:00:26,549 - scheduler.genetic_optimizer - INFO - Evaluating generation 11 population fitness...
2025-06-23 08:00:26,588 - scheduler.genetic_optimizer - INFO - Generation 11: Best fitness = 50.89
2025-06-23 08:00:26,912 - scheduler.genetic_optimizer - INFO - Evaluating generation 12 population fitness...
2025-06-23 08:00:26,950 - scheduler.genetic_optimizer - INFO - Generation 12: Best fitness = 50.89
2025-06-23 08:00:27,292 - scheduler.genetic_optimizer - INFO - Evaluating generation 13 population fitness...
2025-06-23 08:00:27,327 - scheduler.genetic_optimizer - INFO - Generation 13: Best fitness = 50.89
2025-06-23 08:00:27,608 - scheduler.genetic_optimizer - INFO - Evaluating generation 14 population fitness...
2025-06-23 08:00:27,639 - scheduler.genetic_optimizer - INFO - Generation 14: Best fitness = 50.89
2025-06-23 08:00:27,881 - scheduler.genetic_optimizer - INFO - Evaluating generation 15 population fitness...
2025-06-23 08:00:27,911 - scheduler.genetic_optimizer - INFO - Generation 15: Best fitness = 50.89
2025-06-23 08:00:28,177 - scheduler.genetic_optimizer - INFO - Evaluating generation 16 population fitness...
2025-06-23 08:00:28,207 - scheduler.genetic_optimizer - INFO - Generation 16: Best fitness = 51.10
2025-06-23 08:00:28,473 - scheduler.genetic_optimizer - INFO - Evaluating generation 17 population fitness...
2025-06-23 08:00:28,507 - scheduler.genetic_optimizer - INFO - Generation 17: Best fitness = 51.10
2025-06-23 08:00:28,749 - scheduler.genetic_optimizer - INFO - Evaluating generation 18 population fitness...
2025-06-23 08:00:28,780 - scheduler.genetic_optimizer - INFO - Generation 18: Best fitness = 51.10
2025-06-23 08:00:29,023 - scheduler.genetic_optimizer - INFO - Evaluating generation 19 population fitness...
2025-06-23 08:00:29,054 - scheduler.genetic_optimizer - INFO - Generation 19: Best fitness = 51.10
2025-06-23 08:00:29,320 - scheduler.genetic_optimizer - INFO - Evaluating generation 20 population fitness...
2025-06-23 08:00:29,350 - scheduler.genetic_optimizer - INFO - Generation 20: Best fitness = 51.10
2025-06-23 08:00:29,351 - scheduler.genetic_optimizer - INFO - Generation 20: Best=51.10, Avg=-22.58, Feasible=93.0%
2025-06-23 08:00:29,592 - scheduler.genetic_optimizer - INFO - Evaluating generation 21 population fitness...
2025-06-23 08:00:29,623 - scheduler.genetic_optimizer - INFO - Generation 21: Best fitness = 51.10
2025-06-23 08:00:29,890 - scheduler.genetic_optimizer - INFO - Evaluating generation 22 population fitness...
2025-06-23 08:00:29,921 - scheduler.genetic_optimizer - INFO - Generation 22: Best fitness = 51.10
2025-06-23 08:00:30,165 - scheduler.genetic_optimizer - INFO - Evaluating generation 23 population fitness...
2025-06-23 08:00:30,198 - scheduler.genetic_optimizer - INFO - Generation 23: Best fitness = 51.10
2025-06-23 08:00:30,486 - scheduler.genetic_optimizer - INFO - Evaluating generation 24 population fitness...
2025-06-23 08:00:30,534 - scheduler.genetic_optimizer - INFO - Generation 24: Best fitness = 51.10
2025-06-23 08:00:30,811 - scheduler.genetic_optimizer - INFO - Evaluating generation 25 population fitness...
2025-06-23 08:00:30,843 - scheduler.genetic_optimizer - INFO - Generation 25: Best fitness = 51.10
2025-06-23 08:00:30,843 - scheduler.genetic_optimizer - INFO - Early convergence detected at generation 25
2025-06-23 08:00:30,845 - scheduler.genetic_optimizer - INFO - GA optimization complete: Best fitness=51.10, Feasible=True
